<?xml version="1.0" encoding="UTF-8"?>
<!-- Generated by org.testng.reporters.JUnitReportReporter -->
<testsuite skipped="0" hostname="Kruti-PC" name="day1" tests="1" failures="0" timestamp="14 Jan 2019 12:00:12 GMT" time="0.047" errors="0">
  <testcase name="methodOne" time="0.047" classname="day1"/>
</testsuite> <!-- day1 -->
