<?xml version="1.0" encoding="UTF-8"?>
<!-- Generated by org.testng.reporters.JUnitReportReporter -->
<testsuite name="Academy.validateTitle" tests="1" time="0.246" ignored="0" failures="0" timestamp="20 Jan 2019 12:09:50 GMT" skipped="0" hostname="Kruti-PC" errors="0">
  <testcase name="titlevalidation" time="0.246" classname="Academy.validateTitle"/>
</testsuite> <!-- Academy.validateTitle -->
