<?xml version="1.0" encoding="UTF-8"?>
<!-- Generated by org.testng.reporters.JUnitReportReporter -->
<testsuite name="Academy.navigationBar" tests="1" time="0.211" ignored="0" failures="0" timestamp="20 Jan 2019 12:09:50 GMT" skipped="0" hostname="Kruti-PC" errors="0">
  <testcase name="bar" time="0.211" classname="Academy.navigationBar"/>
</testsuite> <!-- Academy.navigationBar -->
