<?xml version="1.0" encoding="UTF-8"?>
<!-- Generated by org.testng.reporters.JUnitReportReporter -->
<testsuite name="Academy.HomePage" tests="2" time="68.951" ignored="0" failures="0" timestamp="20 Jan 2019 12:09:50 GMT" skipped="0" hostname="Kruti-PC" errors="0">
  <testcase name="invokeBrowser" time="51.442" classname="Academy.HomePage"/>
  <testcase name="invokeBrowser" time="17.509" classname="Academy.HomePage"/>
</testsuite> <!-- Academy.HomePage -->
