<?xml version="1.0" encoding="UTF-8"?>
<!-- Generated by org.testng.reporters.JUnitReportReporter -->
<testsuite name="Academy.navigationBar" tests="1" time="0.845" ignored="0" failures="0" timestamp="15 Jan 2019 13:10:44 GMT" skipped="0" hostname="Kruti-PC" errors="0">
  <testcase name="bar" time="0.845" classname="Academy.navigationBar"/>
</testsuite> <!-- Academy.navigationBar -->
