<?xml version="1.0" encoding="UTF-8"?>
<!-- Generated by org.testng.reporters.JUnitReportReporter -->
<testsuite name="Academy.HomePage" tests="2" time="83.629" ignored="0" failures="0" timestamp="15 Jan 2019 13:10:44 GMT" skipped="0" hostname="Kruti-PC" errors="0">
  <testcase name="invokeBrowser" time="56.945" classname="Academy.HomePage"/>
  <testcase name="invokeBrowser" time="26.684" classname="Academy.HomePage"/>
</testsuite> <!-- Academy.HomePage -->
